[2025-01-04T11:24:10.934+0000] {local_task_job_runner.py:123} INFO - ::group::Pre task execution logs
[2025-01-04T11:24:10.948+0000] {taskinstance.py:2613} INFO - Dependencies all met for dep_context=non-requeueable deps ti=<TaskInstance: ml_pipeline.deploy_ml_model manual__2025-01-04T11:17:51.752036+00:00 [queued]>
[2025-01-04T11:24:10.956+0000] {taskinstance.py:2613} INFO - Dependencies all met for dep_context=requeueable deps ti=<TaskInstance: ml_pipeline.deploy_ml_model manual__2025-01-04T11:17:51.752036+00:00 [queued]>
[2025-01-04T11:24:10.957+0000] {taskinstance.py:2866} INFO - Starting attempt 1 of 2
[2025-01-04T11:24:10.978+0000] {taskinstance.py:2889} INFO - Executing <Task(PythonOperator): deploy_ml_model> on 2025-01-04 11:17:51.752036+00:00
[2025-01-04T11:24:10.984+0000] {warnings.py:112} WARNING - /home/***/.local/lib/python3.12/site-packages/***/task/task_runner/standard_task_runner.py:70: DeprecationWarning: This process (pid=87) is multi-threaded, use of fork() may lead to deadlocks in the child.
  pid = os.fork()

[2025-01-04T11:24:10.985+0000] {standard_task_runner.py:72} INFO - Started process 89 to run task
[2025-01-04T11:24:10.985+0000] {standard_task_runner.py:104} INFO - Running: ['***', 'tasks', 'run', 'ml_pipeline', 'deploy_ml_model', 'manual__2025-01-04T11:17:51.752036+00:00', '--job-id', '57', '--raw', '--subdir', 'DAGS_FOLDER/ml_pipeline_dag.py', '--cfg-path', '/tmp/tmp13hb_atm']
[2025-01-04T11:24:10.986+0000] {standard_task_runner.py:105} INFO - Job 57: Subtask deploy_ml_model
[2025-01-04T11:24:11.211+0000] {task_command.py:467} INFO - Running <TaskInstance: ml_pipeline.deploy_ml_model manual__2025-01-04T11:17:51.752036+00:00 [running]> on host 50d0e4fac9f5
[2025-01-04T11:24:11.277+0000] {taskinstance.py:3132} INFO - Exporting env vars: AIRFLOW_CTX_DAG_OWNER='***' AIRFLOW_CTX_DAG_ID='ml_pipeline' AIRFLOW_CTX_TASK_ID='deploy_ml_model' AIRFLOW_CTX_EXECUTION_DATE='2025-01-04T11:17:51.752036+00:00' AIRFLOW_CTX_TRY_NUMBER='1' AIRFLOW_CTX_DAG_RUN_ID='manual__2025-01-04T11:17:51.752036+00:00'
[2025-01-04T11:24:11.278+0000] {logging_mixin.py:190} INFO - Task instance is in running state
[2025-01-04T11:24:11.278+0000] {logging_mixin.py:190} INFO -  Previous state of the Task instance: queued
[2025-01-04T11:24:11.279+0000] {logging_mixin.py:190} INFO - Current task name:deploy_ml_model state:running start_date:2025-01-04 11:24:10.949077+00:00
[2025-01-04T11:24:11.279+0000] {logging_mixin.py:190} INFO - Dag name:ml_pipeline and current dag run status:running
[2025-01-04T11:24:11.279+0000] {taskinstance.py:731} INFO - ::endgroup::
[2025-01-04T11:24:11.280+0000] {logging_mixin.py:190} INFO - Deploying the ML model...
[2025-01-04T11:24:11.280+0000] {python.py:240} INFO - Done. Returned value was: None
[2025-01-04T11:24:11.287+0000] {taskinstance.py:340} INFO - ::group::Post task execution logs
[2025-01-04T11:24:11.287+0000] {taskinstance.py:352} INFO - Marking task as SUCCESS. dag_id=ml_pipeline, task_id=deploy_ml_model, run_id=manual__2025-01-04T11:17:51.752036+00:00, execution_date=20250104T111751, start_date=20250104T112410, end_date=20250104T112411
[2025-01-04T11:24:11.294+0000] {logging_mixin.py:190} INFO - Task instance in success state
[2025-01-04T11:24:11.295+0000] {logging_mixin.py:190} INFO -  Previous state of the Task instance: running
[2025-01-04T11:24:11.295+0000] {logging_mixin.py:190} INFO - Dag name:ml_pipeline queued_at:2025-01-04 11:17:51.764957+00:00
[2025-01-04T11:24:11.295+0000] {logging_mixin.py:190} INFO - Task hostname:50d0e4fac9f5 operator:PythonOperator
[2025-01-04T11:24:11.342+0000] {local_task_job_runner.py:266} INFO - Task exited with return code 0
[2025-01-04T11:24:11.506+0000] {taskinstance.py:3895} INFO - 0 downstream tasks scheduled from follow-on schedule check
[2025-01-04T11:24:11.523+0000] {local_task_job_runner.py:245} INFO - ::endgroup::
