[2025-01-04T10:22:18.726+0000] {local_task_job_runner.py:123} INFO - ::group::Pre task execution logs
[2025-01-04T10:22:18.741+0000] {taskinstance.py:2613} INFO - Dependencies all met for dep_context=non-requeueable deps ti=<TaskInstance: ml_pipeline.deploy_ml_model manual__2025-01-04T10:22:09.231169+00:00 [queued]>
[2025-01-04T10:22:18.747+0000] {taskinstance.py:2613} INFO - Dependencies all met for dep_context=requeueable deps ti=<TaskInstance: ml_pipeline.deploy_ml_model manual__2025-01-04T10:22:09.231169+00:00 [queued]>
[2025-01-04T10:22:18.748+0000] {taskinstance.py:2866} INFO - Starting attempt 1 of 2
[2025-01-04T10:22:18.759+0000] {taskinstance.py:2889} INFO - Executing <Task(PythonOperator): deploy_ml_model> on 2025-01-04 10:22:09.231169+00:00
[2025-01-04T10:22:18.767+0000] {warnings.py:112} WARNING - /home/***/.local/lib/python3.12/site-packages/***/task/task_runner/standard_task_runner.py:70: DeprecationWarning: This process (pid=120) is multi-threaded, use of fork() may lead to deadlocks in the child.
  pid = os.fork()

[2025-01-04T10:22:18.768+0000] {standard_task_runner.py:72} INFO - Started process 137 to run task
[2025-01-04T10:22:18.768+0000] {standard_task_runner.py:104} INFO - Running: ['***', 'tasks', 'run', 'ml_pipeline', 'deploy_ml_model', 'manual__2025-01-04T10:22:09.231169+00:00', '--job-id', '16', '--raw', '--subdir', 'DAGS_FOLDER/ml_pipeline_dag.py', '--cfg-path', '/tmp/tmpyorf2bmb']
[2025-01-04T10:22:18.769+0000] {standard_task_runner.py:105} INFO - Job 16: Subtask deploy_ml_model
[2025-01-04T10:22:18.802+0000] {task_command.py:467} INFO - Running <TaskInstance: ml_pipeline.deploy_ml_model manual__2025-01-04T10:22:09.231169+00:00 [running]> on host 6d558b290663
[2025-01-04T10:22:18.862+0000] {taskinstance.py:3132} INFO - Exporting env vars: AIRFLOW_CTX_DAG_OWNER='***' AIRFLOW_CTX_DAG_ID='ml_pipeline' AIRFLOW_CTX_TASK_ID='deploy_ml_model' AIRFLOW_CTX_EXECUTION_DATE='2025-01-04T10:22:09.231169+00:00' AIRFLOW_CTX_TRY_NUMBER='1' AIRFLOW_CTX_DAG_RUN_ID='manual__2025-01-04T10:22:09.231169+00:00'
[2025-01-04T10:22:18.863+0000] {logging_mixin.py:190} INFO - Task instance is in running state
[2025-01-04T10:22:18.863+0000] {logging_mixin.py:190} INFO -  Previous state of the Task instance: queued
[2025-01-04T10:22:18.864+0000] {logging_mixin.py:190} INFO - Current task name:deploy_ml_model state:running start_date:2025-01-04 10:22:18.741839+00:00
[2025-01-04T10:22:18.864+0000] {logging_mixin.py:190} INFO - Dag name:ml_pipeline and current dag run status:running
[2025-01-04T10:22:18.864+0000] {taskinstance.py:731} INFO - ::endgroup::
[2025-01-04T10:22:18.865+0000] {logging_mixin.py:190} INFO - Deploying the ML model...
[2025-01-04T10:22:18.865+0000] {python.py:240} INFO - Done. Returned value was: None
[2025-01-04T10:22:18.873+0000] {taskinstance.py:340} INFO - ::group::Post task execution logs
[2025-01-04T10:22:18.874+0000] {taskinstance.py:352} INFO - Marking task as SUCCESS. dag_id=ml_pipeline, task_id=deploy_ml_model, run_id=manual__2025-01-04T10:22:09.231169+00:00, execution_date=20250104T102209, start_date=20250104T102218, end_date=20250104T102218
[2025-01-04T10:22:18.881+0000] {logging_mixin.py:190} INFO - Task instance in success state
[2025-01-04T10:22:18.881+0000] {logging_mixin.py:190} INFO -  Previous state of the Task instance: running
[2025-01-04T10:22:18.882+0000] {logging_mixin.py:190} INFO - Dag name:ml_pipeline queued_at:2025-01-04 10:22:09.242833+00:00
[2025-01-04T10:22:18.882+0000] {logging_mixin.py:190} INFO - Task hostname:6d558b290663 operator:PythonOperator
[2025-01-04T10:22:18.906+0000] {local_task_job_runner.py:266} INFO - Task exited with return code 0
[2025-01-04T10:22:18.918+0000] {taskinstance.py:3895} INFO - 0 downstream tasks scheduled from follow-on schedule check
[2025-01-04T10:22:18.920+0000] {local_task_job_runner.py:245} INFO - ::endgroup::
