[2025-01-04T12:13:00.856+0000] {local_task_job_runner.py:123} INFO - ::group::Pre task execution logs
[2025-01-04T12:13:00.871+0000] {taskinstance.py:2613} INFO - Dependencies all met for dep_context=non-requeueable deps ti=<TaskInstance: ml_pipeline.deploy_ml_model manual__2025-01-04T12:12:52.028479+00:00 [queued]>
[2025-01-04T12:13:00.879+0000] {taskinstance.py:2613} INFO - Dependencies all met for dep_context=requeueable deps ti=<TaskInstance: ml_pipeline.deploy_ml_model manual__2025-01-04T12:12:52.028479+00:00 [queued]>
[2025-01-04T12:13:00.880+0000] {taskinstance.py:2866} INFO - Starting attempt 1 of 2
[2025-01-04T12:13:00.903+0000] {taskinstance.py:2889} INFO - Executing <Task(PythonOperator): deploy_ml_model> on 2025-01-04 12:12:52.028479+00:00
[2025-01-04T12:13:00.909+0000] {warnings.py:112} WARNING - /home/***/.local/lib/python3.12/site-packages/***/task/task_runner/standard_task_runner.py:70: DeprecationWarning: This process (pid=101) is multi-threaded, use of fork() may lead to deadlocks in the child.
  pid = os.fork()

[2025-01-04T12:13:00.911+0000] {standard_task_runner.py:104} INFO - Running: ['***', 'tasks', 'run', 'ml_pipeline', 'deploy_ml_model', 'manual__2025-01-04T12:12:52.028479+00:00', '--job-id', '102', '--raw', '--subdir', 'DAGS_FOLDER/ml_pipeline_dag.py', '--cfg-path', '/tmp/tmpto5oymm3']
[2025-01-04T12:13:00.911+0000] {standard_task_runner.py:72} INFO - Started process 103 to run task
[2025-01-04T12:13:00.912+0000] {standard_task_runner.py:105} INFO - Job 102: Subtask deploy_ml_model
[2025-01-04T12:13:01.150+0000] {task_command.py:467} INFO - Running <TaskInstance: ml_pipeline.deploy_ml_model manual__2025-01-04T12:12:52.028479+00:00 [running]> on host d71069265cf0
[2025-01-04T12:13:01.237+0000] {taskinstance.py:3132} INFO - Exporting env vars: AIRFLOW_CTX_DAG_OWNER='***' AIRFLOW_CTX_DAG_ID='ml_pipeline' AIRFLOW_CTX_TASK_ID='deploy_ml_model' AIRFLOW_CTX_EXECUTION_DATE='2025-01-04T12:12:52.028479+00:00' AIRFLOW_CTX_TRY_NUMBER='1' AIRFLOW_CTX_DAG_RUN_ID='manual__2025-01-04T12:12:52.028479+00:00'
[2025-01-04T12:13:01.238+0000] {logging_mixin.py:190} INFO - Task instance is in running state
[2025-01-04T12:13:01.239+0000] {logging_mixin.py:190} INFO -  Previous state of the Task instance: queued
[2025-01-04T12:13:01.239+0000] {logging_mixin.py:190} INFO - Current task name:deploy_ml_model state:running start_date:2025-01-04 12:13:00.872369+00:00
[2025-01-04T12:13:01.239+0000] {logging_mixin.py:190} INFO - Dag name:ml_pipeline and current dag run status:running
[2025-01-04T12:13:01.240+0000] {taskinstance.py:731} INFO - ::endgroup::
[2025-01-04T12:13:01.240+0000] {logging_mixin.py:190} INFO - Deploying the ML model...
[2025-01-04T12:13:01.241+0000] {python.py:240} INFO - Done. Returned value was: None
[2025-01-04T12:13:01.249+0000] {taskinstance.py:340} INFO - ::group::Post task execution logs
[2025-01-04T12:13:01.250+0000] {taskinstance.py:352} INFO - Marking task as SUCCESS. dag_id=ml_pipeline, task_id=deploy_ml_model, run_id=manual__2025-01-04T12:12:52.028479+00:00, execution_date=20250104T121252, start_date=20250104T121300, end_date=20250104T121301
[2025-01-04T12:13:01.259+0000] {logging_mixin.py:190} INFO - Task instance in success state
[2025-01-04T12:13:01.260+0000] {logging_mixin.py:190} INFO -  Previous state of the Task instance: running
[2025-01-04T12:13:01.260+0000] {logging_mixin.py:190} INFO - Dag name:ml_pipeline queued_at:2025-01-04 12:12:52.042451+00:00
[2025-01-04T12:13:01.260+0000] {logging_mixin.py:190} INFO - Task hostname:d71069265cf0 operator:PythonOperator
[2025-01-04T12:13:01.306+0000] {local_task_job_runner.py:266} INFO - Task exited with return code 0
[2025-01-04T12:13:01.492+0000] {taskinstance.py:3895} INFO - 0 downstream tasks scheduled from follow-on schedule check
[2025-01-04T12:13:01.505+0000] {local_task_job_runner.py:245} INFO - ::endgroup::
