[2025-01-04T11:24:34.823+0000] {local_task_job_runner.py:123} INFO - ::group::Pre task execution logs
[2025-01-04T11:24:34.836+0000] {taskinstance.py:2613} INFO - Dependencies all met for dep_context=non-requeueable deps ti=<TaskInstance: ml_pipeline.deploy_ml_model manual__2025-01-04T11:24:27.236404+00:00 [queued]>
[2025-01-04T11:24:34.843+0000] {taskinstance.py:2613} INFO - Dependencies all met for dep_context=requeueable deps ti=<TaskInstance: ml_pipeline.deploy_ml_model manual__2025-01-04T11:24:27.236404+00:00 [queued]>
[2025-01-04T11:24:34.844+0000] {taskinstance.py:2866} INFO - Starting attempt 1 of 2
[2025-01-04T11:24:34.861+0000] {taskinstance.py:2889} INFO - Executing <Task(PythonOperator): deploy_ml_model> on 2025-01-04 11:24:27.236404+00:00
[2025-01-04T11:24:34.867+0000] {warnings.py:112} WARNING - /home/***/.local/lib/python3.12/site-packages/***/task/task_runner/standard_task_runner.py:70: DeprecationWarning: This process (pid=110) is multi-threaded, use of fork() may lead to deadlocks in the child.
  pid = os.fork()

[2025-01-04T11:24:34.868+0000] {standard_task_runner.py:72} INFO - Started process 112 to run task
[2025-01-04T11:24:34.869+0000] {standard_task_runner.py:104} INFO - Running: ['***', 'tasks', 'run', 'ml_pipeline', 'deploy_ml_model', 'manual__2025-01-04T11:24:27.236404+00:00', '--job-id', '61', '--raw', '--subdir', 'DAGS_FOLDER/ml_pipeline_dag.py', '--cfg-path', '/tmp/tmpho6ptyzn']
[2025-01-04T11:24:34.869+0000] {standard_task_runner.py:105} INFO - Job 61: Subtask deploy_ml_model
[2025-01-04T11:24:35.093+0000] {task_command.py:467} INFO - Running <TaskInstance: ml_pipeline.deploy_ml_model manual__2025-01-04T11:24:27.236404+00:00 [running]> on host 50d0e4fac9f5
[2025-01-04T11:24:35.170+0000] {taskinstance.py:3132} INFO - Exporting env vars: AIRFLOW_CTX_DAG_OWNER='***' AIRFLOW_CTX_DAG_ID='ml_pipeline' AIRFLOW_CTX_TASK_ID='deploy_ml_model' AIRFLOW_CTX_EXECUTION_DATE='2025-01-04T11:24:27.236404+00:00' AIRFLOW_CTX_TRY_NUMBER='1' AIRFLOW_CTX_DAG_RUN_ID='manual__2025-01-04T11:24:27.236404+00:00'
[2025-01-04T11:24:35.171+0000] {logging_mixin.py:190} INFO - Task instance is in running state
[2025-01-04T11:24:35.171+0000] {logging_mixin.py:190} INFO -  Previous state of the Task instance: queued
[2025-01-04T11:24:35.172+0000] {logging_mixin.py:190} INFO - Current task name:deploy_ml_model state:running start_date:2025-01-04 11:24:34.837434+00:00
[2025-01-04T11:24:35.172+0000] {logging_mixin.py:190} INFO - Dag name:ml_pipeline and current dag run status:running
[2025-01-04T11:24:35.173+0000] {taskinstance.py:731} INFO - ::endgroup::
[2025-01-04T11:24:35.173+0000] {logging_mixin.py:190} INFO - Deploying the ML model...
[2025-01-04T11:24:35.173+0000] {python.py:240} INFO - Done. Returned value was: None
[2025-01-04T11:24:35.181+0000] {taskinstance.py:340} INFO - ::group::Post task execution logs
[2025-01-04T11:24:35.181+0000] {taskinstance.py:352} INFO - Marking task as SUCCESS. dag_id=ml_pipeline, task_id=deploy_ml_model, run_id=manual__2025-01-04T11:24:27.236404+00:00, execution_date=20250104T112427, start_date=20250104T112434, end_date=20250104T112435
[2025-01-04T11:24:35.188+0000] {logging_mixin.py:190} INFO - Task instance in success state
[2025-01-04T11:24:35.188+0000] {logging_mixin.py:190} INFO -  Previous state of the Task instance: running
[2025-01-04T11:24:35.189+0000] {logging_mixin.py:190} INFO - Dag name:ml_pipeline queued_at:2025-01-04 11:24:27.248798+00:00
[2025-01-04T11:24:35.189+0000] {logging_mixin.py:190} INFO - Task hostname:50d0e4fac9f5 operator:PythonOperator
[2025-01-04T11:24:35.219+0000] {local_task_job_runner.py:266} INFO - Task exited with return code 0
[2025-01-04T11:24:35.390+0000] {taskinstance.py:3895} INFO - 0 downstream tasks scheduled from follow-on schedule check
[2025-01-04T11:24:35.405+0000] {local_task_job_runner.py:245} INFO - ::endgroup::
