[2025-01-04T09:44:37.384+0000] {local_task_job_runner.py:123} INFO - ::group::Pre task execution logs
[2025-01-04T09:44:37.400+0000] {taskinstance.py:2613} INFO - Dependencies all met for dep_context=non-requeueable deps ti=<TaskInstance: conditional_dataset_and_time_based_timetable.conditional_dataset_and_time_based_timetable manual__2025-01-04T09:44:32.541478+00:00 [queued]>
[2025-01-04T09:44:37.406+0000] {taskinstance.py:2613} INFO - Dependencies all met for dep_context=requeueable deps ti=<TaskInstance: conditional_dataset_and_time_based_timetable.conditional_dataset_and_time_based_timetable manual__2025-01-04T09:44:32.541478+00:00 [queued]>
[2025-01-04T09:44:37.407+0000] {taskinstance.py:2866} INFO - Starting attempt 1 of 1
[2025-01-04T09:44:37.417+0000] {taskinstance.py:2889} INFO - Executing <Task(BashOperator): conditional_dataset_and_time_based_timetable> on 2025-01-04 09:44:32.541478+00:00
[2025-01-04T09:44:37.423+0000] {warnings.py:112} WARNING - /home/***/.local/lib/python3.12/site-packages/***/task/task_runner/standard_task_runner.py:70: DeprecationWarning: This process (pid=96) is multi-threaded, use of fork() may lead to deadlocks in the child.
  pid = os.fork()

[2025-01-04T09:44:37.425+0000] {standard_task_runner.py:72} INFO - Started process 100 to run task
[2025-01-04T09:44:37.425+0000] {standard_task_runner.py:104} INFO - Running: ['***', 'tasks', 'run', 'conditional_dataset_and_time_based_timetable', 'conditional_dataset_and_time_based_timetable', 'manual__2025-01-04T09:44:32.541478+00:00', '--job-id', '4', '--raw', '--subdir', '/home/***/.local/lib/python3.12/site-packages/***/example_dags/example_datasets.py', '--cfg-path', '/tmp/tmp_cslh276']
[2025-01-04T09:44:37.426+0000] {standard_task_runner.py:105} INFO - Job 4: Subtask conditional_dataset_and_time_based_timetable
[2025-01-04T09:44:37.464+0000] {task_command.py:467} INFO - Running <TaskInstance: conditional_dataset_and_time_based_timetable.conditional_dataset_and_time_based_timetable manual__2025-01-04T09:44:32.541478+00:00 [running]> on host cb572336bf16
[2025-01-04T09:44:37.738+0000] {taskinstance.py:3132} INFO - Exporting env vars: AIRFLOW_CTX_DAG_OWNER='***' AIRFLOW_CTX_DAG_ID='conditional_dataset_and_time_based_timetable' AIRFLOW_CTX_TASK_ID='conditional_dataset_and_time_based_timetable' AIRFLOW_CTX_EXECUTION_DATE='2025-01-04T09:44:32.541478+00:00' AIRFLOW_CTX_TRY_NUMBER='1' AIRFLOW_CTX_DAG_RUN_ID='manual__2025-01-04T09:44:32.541478+00:00'
[2025-01-04T09:44:37.739+0000] {logging_mixin.py:190} INFO - Task instance is in running state
[2025-01-04T09:44:37.739+0000] {logging_mixin.py:190} INFO -  Previous state of the Task instance: queued
[2025-01-04T09:44:37.740+0000] {logging_mixin.py:190} INFO - Current task name:conditional_dataset_and_time_based_timetable state:running start_date:2025-01-04 09:44:37.400713+00:00
[2025-01-04T09:44:37.740+0000] {logging_mixin.py:190} INFO - Dag name:conditional_dataset_and_time_based_timetable and current dag run status:running
[2025-01-04T09:44:37.740+0000] {taskinstance.py:731} INFO - ::endgroup::
[2025-01-04T09:44:37.741+0000] {subprocess.py:78} INFO - Tmp dir root location: /tmp
[2025-01-04T09:44:37.742+0000] {subprocess.py:88} INFO - Running command: ['/usr/bin/bash', '-c', 'sleep 5']
[2025-01-04T09:44:37.754+0000] {subprocess.py:99} INFO - Output:
[2025-01-04T09:44:42.759+0000] {subprocess.py:110} INFO - Command exited with return code 0
[2025-01-04T09:44:42.790+0000] {taskinstance.py:340} INFO - ::group::Post task execution logs
[2025-01-04T09:44:42.790+0000] {taskinstance.py:352} INFO - Marking task as SUCCESS. dag_id=conditional_dataset_and_time_based_timetable, task_id=conditional_dataset_and_time_based_timetable, run_id=manual__2025-01-04T09:44:32.541478+00:00, execution_date=20250104T094432, start_date=20250104T094437, end_date=20250104T094442
[2025-01-04T09:44:42.811+0000] {logging_mixin.py:190} INFO - Task instance in success state
[2025-01-04T09:44:42.811+0000] {logging_mixin.py:190} INFO -  Previous state of the Task instance: running
[2025-01-04T09:44:42.812+0000] {logging_mixin.py:190} INFO - Dag name:conditional_dataset_and_time_based_timetable queued_at:2025-01-04 09:44:32.652214+00:00
[2025-01-04T09:44:42.812+0000] {logging_mixin.py:190} INFO - Task hostname:cb572336bf16 operator:BashOperator
[2025-01-04T09:44:42.859+0000] {local_task_job_runner.py:266} INFO - Task exited with return code 0
[2025-01-04T09:44:42.873+0000] {taskinstance.py:3895} INFO - 0 downstream tasks scheduled from follow-on schedule check
[2025-01-04T09:44:42.875+0000] {local_task_job_runner.py:245} INFO - ::endgroup::
