[2025-01-04T10:18:56.295+0000] {local_task_job_runner.py:123} INFO - ::group::Pre task execution logs
[2025-01-04T10:18:56.311+0000] {taskinstance.py:2613} INFO - Dependencies all met for dep_context=non-requeueable deps ti=<TaskInstance: ml_pipeline.train_ml_model manual__2025-01-04T10:18:51.986446+00:00 [queued]>
[2025-01-04T10:18:56.318+0000] {taskinstance.py:2613} INFO - Dependencies all met for dep_context=requeueable deps ti=<TaskInstance: ml_pipeline.train_ml_model manual__2025-01-04T10:18:51.986446+00:00 [queued]>
[2025-01-04T10:18:56.319+0000] {taskinstance.py:2866} INFO - Starting attempt 1 of 2
[2025-01-04T10:18:56.344+0000] {taskinstance.py:2889} INFO - Executing <Task(PythonOperator): train_ml_model> on 2025-01-04 10:18:51.986446+00:00
[2025-01-04T10:18:56.351+0000] {warnings.py:112} WARNING - /home/***/.local/lib/python3.12/site-packages/***/task/task_runner/standard_task_runner.py:70: DeprecationWarning: This process (pid=82) is multi-threaded, use of fork() may lead to deadlocks in the child.
  pid = os.fork()

[2025-01-04T10:18:56.353+0000] {standard_task_runner.py:104} INFO - Running: ['***', 'tasks', 'run', 'ml_pipeline', 'train_ml_model', 'manual__2025-01-04T10:18:51.986446+00:00', '--job-id', '11', '--raw', '--subdir', 'DAGS_FOLDER/ml_pipeline_dag.py', '--cfg-path', '/tmp/tmp1qgu7qaz']
[2025-01-04T10:18:56.353+0000] {standard_task_runner.py:72} INFO - Started process 99 to run task
[2025-01-04T10:18:56.353+0000] {standard_task_runner.py:105} INFO - Job 11: Subtask train_ml_model
[2025-01-04T10:18:56.393+0000] {task_command.py:467} INFO - Running <TaskInstance: ml_pipeline.train_ml_model manual__2025-01-04T10:18:51.986446+00:00 [running]> on host f5eda6eeed94
[2025-01-04T10:18:56.472+0000] {taskinstance.py:3132} INFO - Exporting env vars: AIRFLOW_CTX_DAG_OWNER='***' AIRFLOW_CTX_DAG_ID='ml_pipeline' AIRFLOW_CTX_TASK_ID='train_ml_model' AIRFLOW_CTX_EXECUTION_DATE='2025-01-04T10:18:51.986446+00:00' AIRFLOW_CTX_TRY_NUMBER='1' AIRFLOW_CTX_DAG_RUN_ID='manual__2025-01-04T10:18:51.986446+00:00'
[2025-01-04T10:18:56.473+0000] {logging_mixin.py:190} INFO - Task instance is in running state
[2025-01-04T10:18:56.474+0000] {logging_mixin.py:190} INFO -  Previous state of the Task instance: queued
[2025-01-04T10:18:56.474+0000] {logging_mixin.py:190} INFO - Current task name:train_ml_model state:running start_date:2025-01-04 10:18:56.311869+00:00
[2025-01-04T10:18:56.474+0000] {logging_mixin.py:190} INFO - Dag name:ml_pipeline and current dag run status:running
[2025-01-04T10:18:56.475+0000] {taskinstance.py:731} INFO - ::endgroup::
[2025-01-04T10:18:56.587+0000] {pipeline.py:29} INFO - Model accuracy: 1.0000
[2025-01-04T10:18:56.588+0000] {python.py:240} INFO - Done. Returned value was: 1.0
[2025-01-04T10:18:56.626+0000] {taskinstance.py:340} INFO - ::group::Post task execution logs
[2025-01-04T10:18:56.627+0000] {taskinstance.py:352} INFO - Marking task as SUCCESS. dag_id=ml_pipeline, task_id=train_ml_model, run_id=manual__2025-01-04T10:18:51.986446+00:00, execution_date=20250104T101851, start_date=20250104T101856, end_date=20250104T101856
[2025-01-04T10:18:56.636+0000] {logging_mixin.py:190} INFO - Task instance in success state
[2025-01-04T10:18:56.636+0000] {logging_mixin.py:190} INFO -  Previous state of the Task instance: running
[2025-01-04T10:18:56.637+0000] {logging_mixin.py:190} INFO - Dag name:ml_pipeline queued_at:2025-01-04 10:18:51.998211+00:00
[2025-01-04T10:18:56.637+0000] {logging_mixin.py:190} INFO - Task hostname:f5eda6eeed94 operator:PythonOperator
[2025-01-04T10:18:56.671+0000] {local_task_job_runner.py:266} INFO - Task exited with return code 0
[2025-01-04T10:18:56.685+0000] {taskinstance.py:3895} INFO - 0 downstream tasks scheduled from follow-on schedule check
[2025-01-04T10:18:56.700+0000] {local_task_job_runner.py:245} INFO - ::endgroup::
