[2025-01-04T11:24:08.102+0000] {local_task_job_runner.py:123} INFO - ::group::Pre task execution logs
[2025-01-04T11:24:08.114+0000] {taskinstance.py:2613} INFO - Dependencies all met for dep_context=non-requeueable deps ti=<TaskInstance: ml_pipeline.evaluate_ml_model manual__2025-01-04T11:17:51.752036+00:00 [queued]>
[2025-01-04T11:24:08.120+0000] {taskinstance.py:2613} INFO - Dependencies all met for dep_context=requeueable deps ti=<TaskInstance: ml_pipeline.evaluate_ml_model manual__2025-01-04T11:17:51.752036+00:00 [queued]>
[2025-01-04T11:24:08.120+0000] {taskinstance.py:2866} INFO - Starting attempt 1 of 2
[2025-01-04T11:24:08.139+0000] {taskinstance.py:2889} INFO - Executing <Task(PythonOperator): evaluate_ml_model> on 2025-01-04 11:17:51.752036+00:00
[2025-01-04T11:24:08.145+0000] {warnings.py:112} WARNING - /home/***/.local/lib/python3.12/site-packages/***/task/task_runner/standard_task_runner.py:70: DeprecationWarning: This process (pid=83) is multi-threaded, use of fork() may lead to deadlocks in the child.
  pid = os.fork()

[2025-01-04T11:24:08.146+0000] {standard_task_runner.py:72} INFO - Started process 85 to run task
[2025-01-04T11:24:08.146+0000] {standard_task_runner.py:104} INFO - Running: ['***', 'tasks', 'run', 'ml_pipeline', 'evaluate_ml_model', 'manual__2025-01-04T11:17:51.752036+00:00', '--job-id', '56', '--raw', '--subdir', 'DAGS_FOLDER/ml_pipeline_dag.py', '--cfg-path', '/tmp/tmpe242t35w']
[2025-01-04T11:24:08.147+0000] {standard_task_runner.py:105} INFO - Job 56: Subtask evaluate_ml_model
[2025-01-04T11:24:08.430+0000] {task_command.py:467} INFO - Running <TaskInstance: ml_pipeline.evaluate_ml_model manual__2025-01-04T11:17:51.752036+00:00 [running]> on host 50d0e4fac9f5
[2025-01-04T11:24:08.533+0000] {taskinstance.py:3132} INFO - Exporting env vars: AIRFLOW_CTX_DAG_OWNER='***' AIRFLOW_CTX_DAG_ID='ml_pipeline' AIRFLOW_CTX_TASK_ID='evaluate_ml_model' AIRFLOW_CTX_EXECUTION_DATE='2025-01-04T11:17:51.752036+00:00' AIRFLOW_CTX_TRY_NUMBER='1' AIRFLOW_CTX_DAG_RUN_ID='manual__2025-01-04T11:17:51.752036+00:00'
[2025-01-04T11:24:08.534+0000] {logging_mixin.py:190} INFO - Task instance is in running state
[2025-01-04T11:24:08.535+0000] {logging_mixin.py:190} INFO -  Previous state of the Task instance: queued
[2025-01-04T11:24:08.535+0000] {logging_mixin.py:190} INFO - Current task name:evaluate_ml_model state:running start_date:2025-01-04 11:24:08.115250+00:00
[2025-01-04T11:24:08.536+0000] {logging_mixin.py:190} INFO - Dag name:ml_pipeline and current dag run status:running
[2025-01-04T11:24:08.536+0000] {taskinstance.py:731} INFO - ::endgroup::
[2025-01-04T11:24:08.537+0000] {logging_mixin.py:190} INFO - Evaluating the ML model...
[2025-01-04T11:24:08.537+0000] {python.py:240} INFO - Done. Returned value was: None
[2025-01-04T11:24:08.547+0000] {taskinstance.py:340} INFO - ::group::Post task execution logs
[2025-01-04T11:24:08.548+0000] {taskinstance.py:352} INFO - Marking task as SUCCESS. dag_id=ml_pipeline, task_id=evaluate_ml_model, run_id=manual__2025-01-04T11:17:51.752036+00:00, execution_date=20250104T111751, start_date=20250104T112408, end_date=20250104T112408
[2025-01-04T11:24:08.558+0000] {logging_mixin.py:190} INFO - Task instance in success state
[2025-01-04T11:24:08.558+0000] {logging_mixin.py:190} INFO -  Previous state of the Task instance: running
[2025-01-04T11:24:08.559+0000] {logging_mixin.py:190} INFO - Dag name:ml_pipeline queued_at:2025-01-04 11:17:51.764957+00:00
[2025-01-04T11:24:08.559+0000] {logging_mixin.py:190} INFO - Task hostname:50d0e4fac9f5 operator:PythonOperator
[2025-01-04T11:24:08.587+0000] {local_task_job_runner.py:266} INFO - Task exited with return code 0
[2025-01-04T11:24:08.787+0000] {taskinstance.py:3895} INFO - 1 downstream tasks scheduled from follow-on schedule check
[2025-01-04T11:24:08.798+0000] {local_task_job_runner.py:245} INFO - ::endgroup::
