[2025-01-04T12:12:58.255+0000] {local_task_job_runner.py:123} INFO - ::group::Pre task execution logs
[2025-01-04T12:12:58.273+0000] {taskinstance.py:2613} INFO - Dependencies all met for dep_context=non-requeueable deps ti=<TaskInstance: ml_pipeline.train_ml_model manual__2025-01-04T12:12:52.028479+00:00 [queued]>
[2025-01-04T12:12:58.283+0000] {taskinstance.py:2613} INFO - Dependencies all met for dep_context=requeueable deps ti=<TaskInstance: ml_pipeline.train_ml_model manual__2025-01-04T12:12:52.028479+00:00 [queued]>
[2025-01-04T12:12:58.283+0000] {taskinstance.py:2866} INFO - Starting attempt 1 of 2
[2025-01-04T12:12:58.307+0000] {taskinstance.py:2889} INFO - Executing <Task(PythonOperator): train_ml_model> on 2025-01-04 12:12:52.028479+00:00
[2025-01-04T12:12:58.314+0000] {warnings.py:112} WARNING - /home/***/.local/lib/python3.12/site-packages/***/task/task_runner/standard_task_runner.py:70: DeprecationWarning: This process (pid=93) is multi-threaded, use of fork() may lead to deadlocks in the child.
  pid = os.fork()

[2025-01-04T12:12:58.315+0000] {standard_task_runner.py:72} INFO - Started process 95 to run task
[2025-01-04T12:12:58.316+0000] {standard_task_runner.py:104} INFO - Running: ['***', 'tasks', 'run', 'ml_pipeline', 'train_ml_model', 'manual__2025-01-04T12:12:52.028479+00:00', '--job-id', '100', '--raw', '--subdir', 'DAGS_FOLDER/ml_pipeline_dag.py', '--cfg-path', '/tmp/tmpft8wfdsx']
[2025-01-04T12:12:58.316+0000] {standard_task_runner.py:105} INFO - Job 100: Subtask train_ml_model
[2025-01-04T12:12:58.591+0000] {task_command.py:467} INFO - Running <TaskInstance: ml_pipeline.train_ml_model manual__2025-01-04T12:12:52.028479+00:00 [running]> on host d71069265cf0
[2025-01-04T12:12:58.676+0000] {taskinstance.py:3132} INFO - Exporting env vars: AIRFLOW_CTX_DAG_OWNER='***' AIRFLOW_CTX_DAG_ID='ml_pipeline' AIRFLOW_CTX_TASK_ID='train_ml_model' AIRFLOW_CTX_EXECUTION_DATE='2025-01-04T12:12:52.028479+00:00' AIRFLOW_CTX_TRY_NUMBER='1' AIRFLOW_CTX_DAG_RUN_ID='manual__2025-01-04T12:12:52.028479+00:00'
[2025-01-04T12:12:58.677+0000] {logging_mixin.py:190} INFO - Task instance is in running state
[2025-01-04T12:12:58.678+0000] {logging_mixin.py:190} INFO -  Previous state of the Task instance: queued
[2025-01-04T12:12:58.678+0000] {logging_mixin.py:190} INFO - Current task name:train_ml_model state:running start_date:2025-01-04 12:12:58.274388+00:00
[2025-01-04T12:12:58.679+0000] {logging_mixin.py:190} INFO - Dag name:ml_pipeline and current dag run status:running
[2025-01-04T12:12:58.679+0000] {taskinstance.py:731} INFO - ::endgroup::
[2025-01-04T12:12:58.680+0000] {logging_mixin.py:190} INFO - Training the ML model...
[2025-01-04T12:12:58.680+0000] {python.py:240} INFO - Done. Returned value was: None
[2025-01-04T12:12:58.688+0000] {taskinstance.py:340} INFO - ::group::Post task execution logs
[2025-01-04T12:12:58.689+0000] {taskinstance.py:352} INFO - Marking task as SUCCESS. dag_id=ml_pipeline, task_id=train_ml_model, run_id=manual__2025-01-04T12:12:52.028479+00:00, execution_date=20250104T121252, start_date=20250104T121258, end_date=20250104T121258
[2025-01-04T12:12:58.697+0000] {logging_mixin.py:190} INFO - Task instance in success state
[2025-01-04T12:12:58.698+0000] {logging_mixin.py:190} INFO -  Previous state of the Task instance: running
[2025-01-04T12:12:58.698+0000] {logging_mixin.py:190} INFO - Dag name:ml_pipeline queued_at:2025-01-04 12:12:52.042451+00:00
[2025-01-04T12:12:58.699+0000] {logging_mixin.py:190} INFO - Task hostname:d71069265cf0 operator:PythonOperator
[2025-01-04T12:12:58.744+0000] {local_task_job_runner.py:266} INFO - Task exited with return code 0
[2025-01-04T12:12:58.950+0000] {taskinstance.py:3895} INFO - 1 downstream tasks scheduled from follow-on schedule check
[2025-01-04T12:12:58.963+0000] {local_task_job_runner.py:245} INFO - ::endgroup::
